                                 Started job on |	Jan 13 17:07:41
                             Started mapping on |	Jan 13 17:07:58
                                    Finished on |	Jan 13 17:10:37
       Mapping speed, Million of reads per hour |	591.90

                          Number of input reads |	26142466
                      Average input read length |	74
                                    UNIQUE READS:
                   Uniquely mapped reads number |	21361869
                        Uniquely mapped reads % |	81.71%
                          Average mapped length |	74.48
                       Number of splices: Total |	2947732
            Number of splices: Annotated (sjdb) |	2903934
                       Number of splices: GT/AG |	2912732
                       Number of splices: GC/AG |	24073
                       Number of splices: AT/AC |	2417
               Number of splices: Non-canonical |	8510
                      Mismatch rate per base, % |	0.58%
                         Deletion rate per base |	0.01%
                        Deletion average length |	1.41
                        Insertion rate per base |	0.01%
                       Insertion average length |	1.40
                             MULTI-MAPPING READS:
        Number of reads mapped to multiple loci |	3110053
             % of reads mapped to multiple loci |	11.90%
        Number of reads mapped to too many loci |	74193
             % of reads mapped to too many loci |	0.28%
                                  UNMAPPED READS:
  Number of reads unmapped: too many mismatches |	0
       % of reads unmapped: too many mismatches |	0.00%
            Number of reads unmapped: too short |	1544463
                 % of reads unmapped: too short |	5.91%
                Number of reads unmapped: other |	51888
                     % of reads unmapped: other |	0.20%
                                  CHIMERIC READS:
                       Number of chimeric reads |	0
                            % of chimeric reads |	0.00%
