                                 Started job on |	Jan 13 17:32:34
                             Started mapping on |	Jan 13 17:32:53
                                    Finished on |	Jan 13 17:34:39
       Mapping speed, Million of reads per hour |	611.88

                          Number of input reads |	18016493
                      Average input read length |	74
                                    UNIQUE READS:
                   Uniquely mapped reads number |	15397159
                        Uniquely mapped reads % |	85.46%
                          Average mapped length |	74.50
                       Number of splices: Total |	2633884
            Number of splices: Annotated (sjdb) |	2600846
                       Number of splices: GT/AG |	2602781
                       Number of splices: GC/AG |	22186
                       Number of splices: AT/AC |	2094
               Number of splices: Non-canonical |	6823
                      Mismatch rate per base, % |	0.51%
                         Deletion rate per base |	0.01%
                        Deletion average length |	1.39
                        Insertion rate per base |	0.01%
                       Insertion average length |	1.33
                             MULTI-MAPPING READS:
        Number of reads mapped to multiple loci |	1891588
             % of reads mapped to multiple loci |	10.50%
        Number of reads mapped to too many loci |	53681
             % of reads mapped to too many loci |	0.30%
                                  UNMAPPED READS:
  Number of reads unmapped: too many mismatches |	0
       % of reads unmapped: too many mismatches |	0.00%
            Number of reads unmapped: too short |	635153
                 % of reads unmapped: too short |	3.53%
                Number of reads unmapped: other |	38912
                     % of reads unmapped: other |	0.22%
                                  CHIMERIC READS:
                       Number of chimeric reads |	0
                            % of chimeric reads |	0.00%
