                                 Started job on |	Jan 13 17:30:18
                             Started mapping on |	Jan 13 17:30:36
                                    Finished on |	Jan 13 17:32:31
       Mapping speed, Million of reads per hour |	605.91

                          Number of input reads |	19355417
                      Average input read length |	74
                                    UNIQUE READS:
                   Uniquely mapped reads number |	16358483
                        Uniquely mapped reads % |	84.52%
                          Average mapped length |	74.51
                       Number of splices: Total |	2369063
            Number of splices: Annotated (sjdb) |	2336048
                       Number of splices: GT/AG |	2339323
                       Number of splices: GC/AG |	21085
                       Number of splices: AT/AC |	2011
               Number of splices: Non-canonical |	6644
                      Mismatch rate per base, % |	0.53%
                         Deletion rate per base |	0.01%
                        Deletion average length |	1.39
                        Insertion rate per base |	0.01%
                       Insertion average length |	1.32
                             MULTI-MAPPING READS:
        Number of reads mapped to multiple loci |	2000501
             % of reads mapped to multiple loci |	10.34%
        Number of reads mapped to too many loci |	51125
             % of reads mapped to too many loci |	0.26%
                                  UNMAPPED READS:
  Number of reads unmapped: too many mismatches |	0
       % of reads unmapped: too many mismatches |	0.00%
            Number of reads unmapped: too short |	908805
                 % of reads unmapped: too short |	4.70%
                Number of reads unmapped: other |	36503
                     % of reads unmapped: other |	0.19%
                                  CHIMERIC READS:
                       Number of chimeric reads |	0
                            % of chimeric reads |	0.00%
