                                 Started job on |	Jan 13 17:22:54
                             Started mapping on |	Jan 13 17:23:11
                                    Finished on |	Jan 13 17:25:21
       Mapping speed, Million of reads per hour |	569.03

                          Number of input reads |	20548327
                      Average input read length |	74
                                    UNIQUE READS:
                   Uniquely mapped reads number |	16343617
                        Uniquely mapped reads % |	79.54%
                          Average mapped length |	74.47
                       Number of splices: Total |	2208206
            Number of splices: Annotated (sjdb) |	2176225
                       Number of splices: GT/AG |	2179982
                       Number of splices: GC/AG |	19170
                       Number of splices: AT/AC |	1879
               Number of splices: Non-canonical |	7175
                      Mismatch rate per base, % |	0.59%
                         Deletion rate per base |	0.01%
                        Deletion average length |	1.39
                        Insertion rate per base |	0.01%
                       Insertion average length |	1.36
                             MULTI-MAPPING READS:
        Number of reads mapped to multiple loci |	2791271
             % of reads mapped to multiple loci |	13.58%
        Number of reads mapped to too many loci |	59744
             % of reads mapped to too many loci |	0.29%
                                  UNMAPPED READS:
  Number of reads unmapped: too many mismatches |	0
       % of reads unmapped: too many mismatches |	0.00%
            Number of reads unmapped: too short |	1319282
                 % of reads unmapped: too short |	6.42%
                Number of reads unmapped: other |	34413
                     % of reads unmapped: other |	0.17%
                                  CHIMERIC READS:
                       Number of chimeric reads |	0
                            % of chimeric reads |	0.00%
