                                 Started job on |	Jan 13 17:34:42
                             Started mapping on |	Jan 13 17:34:59
                                    Finished on |	Jan 13 17:36:47
       Mapping speed, Million of reads per hour |	575.78

                          Number of input reads |	17273448
                      Average input read length |	74
                                    UNIQUE READS:
                   Uniquely mapped reads number |	14235178
                        Uniquely mapped reads % |	82.41%
                          Average mapped length |	74.44
                       Number of splices: Total |	2163502
            Number of splices: Annotated (sjdb) |	2133812
                       Number of splices: GT/AG |	2137390
                       Number of splices: GC/AG |	17895
                       Number of splices: AT/AC |	1779
               Number of splices: Non-canonical |	6438
                      Mismatch rate per base, % |	0.58%
                         Deletion rate per base |	0.01%
                        Deletion average length |	1.39
                        Insertion rate per base |	0.01%
                       Insertion average length |	1.38
                             MULTI-MAPPING READS:
        Number of reads mapped to multiple loci |	2222613
             % of reads mapped to multiple loci |	12.87%
        Number of reads mapped to too many loci |	67180
             % of reads mapped to too many loci |	0.39%
                                  UNMAPPED READS:
  Number of reads unmapped: too many mismatches |	0
       % of reads unmapped: too many mismatches |	0.00%
            Number of reads unmapped: too short |	699914
                 % of reads unmapped: too short |	4.05%
                Number of reads unmapped: other |	48563
                     % of reads unmapped: other |	0.28%
                                  CHIMERIC READS:
                       Number of chimeric reads |	0
                            % of chimeric reads |	0.00%
