                                 Started job on |	Jan 13 17:15:40
                             Started mapping on |	Jan 13 17:15:56
                                    Finished on |	Jan 13 17:17:58
       Mapping speed, Million of reads per hour |	623.41

                          Number of input reads |	21126565
                      Average input read length |	74
                                    UNIQUE READS:
                   Uniquely mapped reads number |	18046692
                        Uniquely mapped reads % |	85.42%
                          Average mapped length |	74.49
                       Number of splices: Total |	2680638
            Number of splices: Annotated (sjdb) |	2643805
                       Number of splices: GT/AG |	2647690
                       Number of splices: GC/AG |	22824
                       Number of splices: AT/AC |	2223
               Number of splices: Non-canonical |	7901
                      Mismatch rate per base, % |	0.53%
                         Deletion rate per base |	0.01%
                        Deletion average length |	1.39
                        Insertion rate per base |	0.01%
                       Insertion average length |	1.35
                             MULTI-MAPPING READS:
        Number of reads mapped to multiple loci |	2097664
             % of reads mapped to multiple loci |	9.93%
        Number of reads mapped to too many loci |	65606
             % of reads mapped to too many loci |	0.31%
                                  UNMAPPED READS:
  Number of reads unmapped: too many mismatches |	0
       % of reads unmapped: too many mismatches |	0.00%
            Number of reads unmapped: too short |	870578
                 % of reads unmapped: too short |	4.12%
                Number of reads unmapped: other |	46025
                     % of reads unmapped: other |	0.22%
                                  CHIMERIC READS:
                       Number of chimeric reads |	0
                            % of chimeric reads |	0.00%
