                                 Started job on |	Jan 13 17:27:50
                             Started mapping on |	Jan 13 17:28:08
                                    Finished on |	Jan 13 17:30:16
       Mapping speed, Million of reads per hour |	548.77

                          Number of input reads |	19511724
                      Average input read length |	74
                                    UNIQUE READS:
                   Uniquely mapped reads number |	15754300
                        Uniquely mapped reads % |	80.74%
                          Average mapped length |	74.45
                       Number of splices: Total |	1872331
            Number of splices: Annotated (sjdb) |	1840581
                       Number of splices: GT/AG |	1847706
                       Number of splices: GC/AG |	16350
                       Number of splices: AT/AC |	1488
               Number of splices: Non-canonical |	6787
                      Mismatch rate per base, % |	0.64%
                         Deletion rate per base |	0.01%
                        Deletion average length |	1.40
                        Insertion rate per base |	0.01%
                       Insertion average length |	1.40
                             MULTI-MAPPING READS:
        Number of reads mapped to multiple loci |	2032921
             % of reads mapped to multiple loci |	10.42%
        Number of reads mapped to too many loci |	63921
             % of reads mapped to too many loci |	0.33%
                                  UNMAPPED READS:
  Number of reads unmapped: too many mismatches |	0
       % of reads unmapped: too many mismatches |	0.00%
            Number of reads unmapped: too short |	1620302
                 % of reads unmapped: too short |	8.30%
                Number of reads unmapped: other |	40280
                     % of reads unmapped: other |	0.21%
                                  CHIMERIC READS:
                       Number of chimeric reads |	0
                            % of chimeric reads |	0.00%
