                                 Started job on |	Jan 13 15:54:42
                             Started mapping on |	Jan 13 15:55:22
                                    Finished on |	Jan 13 16:00:16
       Mapping speed, Million of reads per hour |	344.63

                          Number of input reads |	28144450
                      Average input read length |	74
                                    UNIQUE READS:
                   Uniquely mapped reads number |	23859303
                        Uniquely mapped reads % |	84.77%
                          Average mapped length |	74.48
                       Number of splices: Total |	3786179
            Number of splices: Annotated (sjdb) |	3736966
                       Number of splices: GT/AG |	3740764
                       Number of splices: GC/AG |	31869
                       Number of splices: AT/AC |	3077
               Number of splices: Non-canonical |	10469
                      Mismatch rate per base, % |	0.56%
                         Deletion rate per base |	0.01%
                        Deletion average length |	1.39
                        Insertion rate per base |	0.01%
                       Insertion average length |	1.35
                             MULTI-MAPPING READS:
        Number of reads mapped to multiple loci |	2728261
             % of reads mapped to multiple loci |	9.69%
        Number of reads mapped to too many loci |	76681
             % of reads mapped to too many loci |	0.27%
                                  UNMAPPED READS:
  Number of reads unmapped: too many mismatches |	0
       % of reads unmapped: too many mismatches |	0.00%
            Number of reads unmapped: too short |	1424218
                 % of reads unmapped: too short |	5.06%
                Number of reads unmapped: other |	55987
                     % of reads unmapped: other |	0.20%
                                  CHIMERIC READS:
                       Number of chimeric reads |	0
                            % of chimeric reads |	0.00%
