                                 Started job on |	Jan 13 17:13:11
                             Started mapping on |	Jan 13 17:13:28
                                    Finished on |	Jan 13 17:15:37
       Mapping speed, Million of reads per hour |	611.64

                          Number of input reads |	21917115
                      Average input read length |	74
                                    UNIQUE READS:
                   Uniquely mapped reads number |	18661893
                        Uniquely mapped reads % |	85.15%
                          Average mapped length |	74.49
                       Number of splices: Total |	2349544
            Number of splices: Annotated (sjdb) |	2314089
                       Number of splices: GT/AG |	2319575
                       Number of splices: GC/AG |	19964
                       Number of splices: AT/AC |	1868
               Number of splices: Non-canonical |	8137
                      Mismatch rate per base, % |	0.54%
                         Deletion rate per base |	0.01%
                        Deletion average length |	1.40
                        Insertion rate per base |	0.01%
                       Insertion average length |	1.34
                             MULTI-MAPPING READS:
        Number of reads mapped to multiple loci |	2121941
             % of reads mapped to multiple loci |	9.68%
        Number of reads mapped to too many loci |	71434
             % of reads mapped to too many loci |	0.33%
                                  UNMAPPED READS:
  Number of reads unmapped: too many mismatches |	0
       % of reads unmapped: too many mismatches |	0.00%
            Number of reads unmapped: too short |	1009744
                 % of reads unmapped: too short |	4.61%
                Number of reads unmapped: other |	52103
                     % of reads unmapped: other |	0.24%
                                  CHIMERIC READS:
                       Number of chimeric reads |	0
                            % of chimeric reads |	0.00%
