                                 Started job on |	Jan 13 17:10:40
                             Started mapping on |	Jan 13 17:10:56
                                    Finished on |	Jan 13 17:13:08
       Mapping speed, Million of reads per hour |	611.52

                          Number of input reads |	22422404
                      Average input read length |	74
                                    UNIQUE READS:
                   Uniquely mapped reads number |	18715767
                        Uniquely mapped reads % |	83.47%
                          Average mapped length |	74.47
                       Number of splices: Total |	2657541
            Number of splices: Annotated (sjdb) |	2618960
                       Number of splices: GT/AG |	2623583
                       Number of splices: GC/AG |	23352
                       Number of splices: AT/AC |	2160
               Number of splices: Non-canonical |	8446
                      Mismatch rate per base, % |	0.55%
                         Deletion rate per base |	0.01%
                        Deletion average length |	1.39
                        Insertion rate per base |	0.01%
                       Insertion average length |	1.35
                             MULTI-MAPPING READS:
        Number of reads mapped to multiple loci |	2685560
             % of reads mapped to multiple loci |	11.98%
        Number of reads mapped to too many loci |	71904
             % of reads mapped to too many loci |	0.32%
                                  UNMAPPED READS:
  Number of reads unmapped: too many mismatches |	0
       % of reads unmapped: too many mismatches |	0.00%
            Number of reads unmapped: too short |	898738
                 % of reads unmapped: too short |	4.01%
                Number of reads unmapped: other |	50435
                     % of reads unmapped: other |	0.22%
                                  CHIMERIC READS:
                       Number of chimeric reads |	0
                            % of chimeric reads |	0.00%
